 01/14/2025 06:42:30 PM : INFO : Testcase001 : Salesforce page opened 
 01/14/2025 06:42:54 PM : INFO : Testcase001 : Logged in successfully 
 01/14/2025 06:43:22 PM : INFO : Testcase001 : Lead created: John Doe, Example Inc 
 01/14/2025 06:43:33 PM : INFO : Testcase001 : Lead Converted 
 01/14/2025 06:44:00 PM : INFO : __init__ : Screenshot saved: get_element_error_1736860440.png 
 01/14/2025 06:44:00 PM : INFO : __init__ : Screenshot saved: get_element_error_1736860440.png 
 01/14/2025 06:44:00 PM : INFO : __init__ : Screenshot saved: get_element_error_1736860440.png 
 01/14/2025 06:44:00 PM : INFO : __init__ : Screenshot saved: get_element_error_1736860440.png 
 01/14/2025 06:44:01 PM : INFO : __init__ : Screenshot saved: remove_account_error_1736860440.png 
 01/14/2025 06:44:01 PM : INFO : __init__ : Screenshot saved: remove_account_error_1736860440.png 
 01/14/2025 06:44:01 PM : INFO : __init__ : Screenshot saved: remove_account_error_1736860440.png 
 01/14/2025 06:44:01 PM : INFO : __init__ : Screenshot saved: remove_account_error_1736860440.png 
 01/14/2025 06:45:47 PM : INFO : Testcase001 : Salesforce page opened 
 01/14/2025 06:46:14 PM : INFO : Testcase001 : Logged in successfully 
 01/14/2025 06:46:43 PM : INFO : Testcase001 : Lead created: John Doe, Example Inc 
 01/14/2025 07:08:51 PM : INFO : openSalesforcePageAndVerifyTitle : ********** Homepage title test passed ********** 
 01/14/2025 07:08:51 PM : INFO : openSalesforcePageAndVerifyTitle : Salesforce page opened 
 01/14/2025 07:10:23 PM : INFO : openSalesforcePageAndVerifyTitle : ********** Homepage title test passed ********** 
 01/14/2025 07:10:23 PM : INFO : openSalesforcePageAndVerifyTitle : Salesforce page opened 
 01/14/2025 07:20:16 PM : INFO : before_all : ********** Test Execution Started ********** 
 01/14/2025 07:20:16 PM : INFO : before_all : Starting scenario: Login test -- @1.1  
 01/14/2025 07:20:26 PM : ERROR : before_all : ********** Homepage title test failed ********** 
 01/14/2025 07:20:26 PM : ERROR : before_all : Scenario failed: Login test -- @1.1  
 01/14/2025 07:20:28 PM : INFO : before_all : ********** Test Execution Finished ********** 
 01/14/2025 07:21:11 PM : INFO : before_all : ********** Test Execution Started ********** 
 01/14/2025 07:21:11 PM : INFO : before_all : Starting scenario: Login test -- @1.1  
 01/14/2025 07:21:20 PM : INFO : before_all : ********** Homepage title test passed ********** 
 01/14/2025 07:21:20 PM : INFO : before_all : Salesforce page opened 
 01/14/2025 07:21:20 PM : INFO : before_all : Scenario passed: Login test -- @1.1  
 01/14/2025 07:21:22 PM : INFO : before_all : ********** Test Execution Finished ********** 
 01/14/2025 07:24:48 PM : INFO : before_all : ********** Test Execution Started ********** 
 01/14/2025 07:24:48 PM : INFO : before_all : Starting scenario: Login test -- @1.1  
 01/14/2025 07:24:53 PM : INFO : before_all : Verifying homepage title 
 01/14/2025 07:24:57 PM : ERROR : before_all : Homepage title test failed 
 01/14/2025 07:24:58 PM : ERROR : before_all : Scenario failed: Login test -- @1.1  
 01/14/2025 07:25:00 PM : INFO : before_all : ********** Test Execution Finished ********** 
 01/14/2025 07:30:08 PM : INFO : before_all : ********** Test Execution Started ********** 
 01/14/2025 07:30:08 PM : INFO : before_all : Starting scenario: Login test -- @1.1  
 01/14/2025 07:30:13 PM : INFO : before_all : Verifying homepage title 
 01/14/2025 07:30:49 PM : INFO : before_all : Logged in successfully 
 01/14/2025 07:31:18 PM : INFO : before_all : Lead created: John Doe, Example Inc 
 01/14/2025 07:31:18 PM : INFO : before_all : Scenario passed: Login test -- @1.1  
 01/14/2025 07:31:21 PM : INFO : before_all : ********** Test Execution Finished ********** 
 01/14/2025 07:44:06 PM : INFO : before_all : ********** Test Execution Started ********** 
 01/14/2025 07:44:06 PM : INFO : before_all : Starting scenario: Use Case 1 -- @1.1  
 01/14/2025 07:44:14 PM : INFO : before_all : Verifying homepage title 
 01/14/2025 07:44:47 PM : INFO : before_all : Logged in successfully 
 01/14/2025 07:45:15 PM : INFO : before_all : Lead created: John Doe, Example Inc 
 01/14/2025 07:45:16 PM : ERROR : before_all : Scenario failed: Use Case 1 -- @1.1  
 01/14/2025 07:45:19 PM : INFO : before_all : ********** Test Execution Finished ********** 
 01/14/2025 08:08:11 PM : INFO : before_all : ********** Test Execution Started ********** 
 01/14/2025 08:08:11 PM : INFO : before_all : Starting scenario: Use Case 1 -- @1.1  
 01/14/2025 08:08:16 PM : INFO : before_all : Verifying homepage title 
 01/14/2025 08:08:45 PM : INFO : before_all : Logged in successfully 
 01/14/2025 08:09:14 PM : INFO : before_all : Lead created: John Doe, Example Inc 
 01/14/2025 08:09:14 PM : ERROR : before_all : ********** Failed in verifying lead ********** 
 01/14/2025 08:09:14 PM : ERROR : before_all : Scenario failed: Use Case 1 -- @1.1  
 01/14/2025 08:09:17 PM : INFO : before_all : ********** Test Execution Finished ********** 
 01/14/2025 09:08:10 PM : INFO : before_all : ********** Test Execution Started ********** 
 01/14/2025 09:08:10 PM : INFO : before_all : Starting scenario: Use Case 1 -- @1.1  
 01/14/2025 09:08:24 PM : INFO : before_all : Verifying homepage title 
 01/14/2025 09:09:03 PM : INFO : before_all : Logged in successfully 
 01/14/2025 09:09:31 PM : INFO : before_all : Lead created: Robert Twin, Example Inc 
 01/14/2025 09:09:31 PM : INFO : before_all : ********** Lead has successfully created and verified ********** 
 01/14/2025 09:09:42 PM : INFO : before_all : Lead Converted 
 01/14/2025 09:09:47 PM : INFO : before_all : ********** Lead has successfully created and verified ********** 
 01/14/2025 09:09:53 PM : ERROR : before_all : Scenario failed: Use Case 1 -- @1.1  
 01/14/2025 09:09:56 PM : INFO : before_all : ********** Test Execution Finished ********** 
 01/14/2025 09:11:18 PM : INFO : before_all : ********** Test Execution Started ********** 
 01/14/2025 09:11:18 PM : INFO : before_all : Starting scenario: Use Case 1 -- @1.1  
 01/14/2025 09:11:23 PM : INFO : before_all : Verifying homepage title 
 01/14/2025 09:11:46 PM : INFO : before_all : Logged in successfully 
 01/14/2025 09:12:15 PM : INFO : before_all : Lead created: Robert Twin, Example Inc 
 01/14/2025 09:12:15 PM : INFO : before_all : ********** Lead has successfully created and verified ********** 
 01/14/2025 09:12:26 PM : INFO : before_all : Lead Converted 
 01/14/2025 09:12:31 PM : INFO : before_all : ********** Lead has successfully created and verified ********** 
 01/14/2025 09:12:58 PM : ERROR : before_all : Scenario failed: Use Case 1 -- @1.1  
 01/14/2025 09:13:01 PM : INFO : before_all : ********** Test Execution Finished ********** 
 01/14/2025 09:17:55 PM : INFO : before_all : ********** Test Execution Started ********** 
 01/14/2025 09:17:55 PM : INFO : before_all : Starting scenario: Use Case 1 -- @1.1  
 01/14/2025 09:18:01 PM : INFO : before_all : Verifying homepage title 
 01/14/2025 09:18:30 PM : INFO : before_all : Logged in successfully 
 01/14/2025 09:18:59 PM : INFO : before_all : Lead created: Robert Twin, Example Inc 
 01/14/2025 09:18:59 PM : INFO : before_all : ********** Lead has successfully created and verified ********** 
 01/14/2025 09:19:09 PM : INFO : before_all : Lead Converted 
 01/14/2025 09:19:15 PM : INFO : before_all : ********** Lead has successfully created and verified ********** 
 01/14/2025 09:19:42 PM : INFO : before_all : Account created: Acme 
 01/14/2025 09:19:42 PM : INFO : before_all : ********** Account has successfully created and verified ********** 
 01/14/2025 09:20:09 PM : ERROR : before_all : Scenario failed: Use Case 1 -- @1.1  
 01/14/2025 09:20:12 PM : INFO : before_all : ********** Test Execution Finished ********** 
 01/14/2025 09:22:37 PM : INFO : before_all : ********** Test Execution Started ********** 
 01/14/2025 09:22:37 PM : INFO : before_all : Starting scenario: Use Case 1 -- @1.1  
 01/14/2025 09:22:42 PM : INFO : before_all : Verifying homepage title 
 01/14/2025 09:23:01 PM : INFO : before_all : Logged in successfully 
 01/14/2025 09:23:30 PM : INFO : before_all : Lead created: Robert Twin, Example Inc 
 01/14/2025 09:23:30 PM : INFO : before_all : ********** Lead has successfully created and verified ********** 
 01/14/2025 09:23:41 PM : INFO : before_all : Lead Converted 
 01/14/2025 09:23:46 PM : INFO : before_all : ********** Lead has successfully created and verified ********** 
 01/14/2025 09:24:13 PM : INFO : before_all : Account created: Acme 
 01/14/2025 09:24:13 PM : INFO : before_all : ********** Account has successfully created and verified ********** 
 01/14/2025 09:24:42 PM : INFO : before_all : Lead created: Nova Klan, MN Steel 
 01/14/2025 09:24:42 PM : INFO : before_all : ********** Lead has successfully created and verified ********** 
 01/14/2025 09:24:42 PM : INFO : __init__ : Screenshot saved: convert_lead_error_1736870082.png 
 01/14/2025 09:24:42 PM : INFO : __init__ : Screenshot saved: convert_lead_error_1736870082.png 
 01/14/2025 09:24:42 PM : INFO : __init__ : Screenshot saved: convert_lead_error_1736870082.png 
 01/14/2025 09:24:42 PM : INFO : __init__ : Screenshot saved: convert_lead_error_1736870082.png 
 01/14/2025 09:24:42 PM : INFO : __init__ : Screenshot saved: convert_lead_error_1736870082.png 
 01/14/2025 09:24:42 PM : INFO : __init__ : Screenshot saved: convert_lead_error_1736870082.png 
 01/14/2025 09:24:42 PM : ERROR : before_all : Scenario failed: Use Case 1 -- @1.1  
 01/14/2025 09:24:45 PM : INFO : before_all : ********** Test Execution Finished ********** 
 01/18/2025 09:08:29 AM : INFO : before_all : ********** Test Execution Started ********** 
 01/18/2025 09:08:29 AM : INFO : before_all : Starting scenario: Use Case 1 -- @1.1  
 01/18/2025 09:08:34 AM : INFO : before_all : Verifying homepage title 
 01/18/2025 09:08:51 AM : INFO : before_all : Logged in successfully 
 01/18/2025 09:09:18 AM : INFO : before_all : Lead created: Robert Twin, Example Inc 
 01/18/2025 09:09:18 AM : INFO : before_all : ********** Lead has successfully created and verified ********** 
 01/18/2025 09:09:29 AM : INFO : before_all : Lead Converted 
 01/18/2025 09:09:34 AM : INFO : before_all : ********** Lead has successfully created and verified ********** 
 01/18/2025 09:10:00 AM : INFO : before_all : Account created: Acme 
 01/18/2025 09:10:00 AM : INFO : before_all : ********** Account has successfully created and verified ********** 
 01/18/2025 09:10:28 AM : INFO : before_all : Lead created: Nova Klan, MN Steel 
 01/18/2025 09:10:28 AM : INFO : before_all : ********** Lead has successfully created and verified ********** 
 01/18/2025 09:10:52 AM : INFO : before_all : Lead Converted 
 01/18/2025 09:10:57 AM : INFO : before_all : ********** Lead has successfully created and verified ********** 
 01/18/2025 09:11:03 AM : INFO : before_all : Scenario passed: Use Case 1 -- @1.1  
 01/18/2025 09:11:05 AM : INFO : before_all : ********** Test Execution Finished ********** 
 01/18/2025 10:00:19 AM : INFO : before_all : ********** Test Execution Started ********** 
 01/18/2025 10:00:19 AM : INFO : before_all : Starting scenario: Use Case 2 -- @1.1  
 01/18/2025 10:00:22 AM : INFO : before_all : Verifying homepage title 
 01/18/2025 10:00:40 AM : INFO : before_all : Logged in successfully 
 01/18/2025 10:01:01 AM : INFO : before_all : Account created: Acme 
 01/18/2025 10:01:01 AM : INFO : before_all : ********** Account has successfully created and verified ********** 
 01/18/2025 10:01:01 AM : ERROR : before_all : Scenario failed: Use Case 2 -- @1.1  
 01/18/2025 10:01:03 AM : INFO : before_all : ********** Test Execution Finished ********** 
 01/18/2025 10:11:35 AM : INFO : before_all : ********** Test Execution Started ********** 
 01/18/2025 10:11:35 AM : INFO : before_all : Starting scenario: Use Case 2 -- @1.1  
 01/18/2025 10:11:39 AM : INFO : before_all : Verifying homepage title 
 01/18/2025 10:11:56 AM : INFO : before_all : Logged in successfully 
 01/18/2025 10:12:18 AM : INFO : before_all : Account created: Acme 
 01/18/2025 10:12:18 AM : INFO : before_all : ********** Account has successfully created and verified ********** 
 01/18/2025 10:12:57 AM : INFO : before_all : Contact created and attached account 
 01/18/2025 10:12:57 AM : ERROR : before_all : Scenario failed: Use Case 2 -- @1.1  
 01/18/2025 10:13:00 AM : INFO : before_all : ********** Test Execution Finished ********** 
 01/18/2025 10:23:51 AM : INFO : before_all : ********** Test Execution Started ********** 
 01/18/2025 10:23:51 AM : INFO : before_all : Starting scenario: Use Case 2 -- @1.1  
 01/18/2025 10:23:54 AM : INFO : before_all : Verifying homepage title 
 01/18/2025 10:24:11 AM : INFO : before_all : Logged in successfully 
 01/18/2025 10:24:33 AM : INFO : before_all : Account created: Acme 
 01/18/2025 10:24:33 AM : INFO : before_all : ********** Account has successfully created and verified ********** 
 01/18/2025 10:25:12 AM : INFO : before_all : Contact created and attached account 
 01/18/2025 10:25:51 AM : INFO : before_all : Opportunity created and attached account 
 01/18/2025 10:25:51 AM : INFO : before_all : Scenario passed: Use Case 2 -- @1.1  
 01/18/2025 10:25:54 AM : INFO : before_all : ********** Test Execution Finished ********** 
 01/18/2025 11:04:39 AM : INFO : before_all : ********** Test Execution Started ********** 
 01/18/2025 11:04:39 AM : INFO : before_all : Starting scenario: Use Case 1 -- @1.1  
 01/18/2025 11:04:42 AM : INFO : before_all : Verifying homepage title 
 01/18/2025 11:05:00 AM : INFO : before_all : Logged in successfully 
 01/18/2025 11:05:00 AM : ERROR : before_all : Scenario failed: Use Case 1 -- @1.1  
 01/18/2025 11:05:02 AM : INFO : before_all : Starting scenario: Use Case 2 -- @1.1  
 01/18/2025 11:05:05 AM : INFO : before_all : Verifying homepage title 
 01/18/2025 11:05:21 AM : INFO : before_all : Logged in successfully 
 01/18/2025 11:05:21 AM : ERROR : before_all : Scenario failed: Use Case 2 -- @1.1  
 01/18/2025 11:05:23 AM : INFO : before_all : ********** Test Execution Finished ********** 
 01/18/2025 11:09:09 AM : INFO : before_all : ********** Test Execution Started ********** 
 01/18/2025 11:09:09 AM : INFO : before_all : Starting scenario: Use Case 1 -- @1.1  
 01/18/2025 11:09:12 AM : INFO : before_all : Verifying homepage title 
 01/18/2025 11:09:27 AM : INFO : before_all : Logged in successfully 
 01/18/2025 11:09:55 AM : INFO : before_all : Lead created: Robert Twin, Example Inc 
 01/18/2025 11:09:55 AM : INFO : before_all : ********** Lead has successfully created and verified ********** 
 01/18/2025 11:09:55 AM : INFO : before_all : ********** Lead has successfully created and verified ********** 
 01/18/2025 11:09:55 AM : ERROR : before_all : Scenario failed: Use Case 1 -- @1.1  
 01/18/2025 11:09:57 AM : INFO : before_all : Starting scenario: Use Case 2 -- @1.1  
 01/18/2025 11:10:00 AM : INFO : before_all : Verifying homepage title 
 01/18/2025 11:10:17 AM : INFO : before_all : Logged in successfully 
 01/18/2025 11:10:38 AM : INFO : before_all : Account created: Acme 
 01/18/2025 11:10:38 AM : ERROR : before_all : Scenario failed: Use Case 2 -- @1.1  
 01/18/2025 11:10:41 AM : INFO : before_all : ********** Test Execution Finished ********** 
 01/18/2025 11:22:49 AM : INFO : before_all : ********** Test Execution Started ********** 
 01/18/2025 11:22:49 AM : INFO : before_all : Starting scenario: Use Case 1 -- @1.1  
 01/18/2025 11:22:53 AM : INFO : before_all : Verifying homepage title 
 01/18/2025 11:23:09 AM : INFO : before_all : Logged in successfully 
 01/18/2025 11:23:37 AM : INFO : before_all : Lead created: Robert Twin, Example Inc 
 01/18/2025 11:23:37 AM : INFO : before_all : ********** Lead has successfully created and verified ********** 
 01/18/2025 11:23:37 AM : ERROR : before_all : Scenario failed: Use Case 1 -- @1.1  
 01/18/2025 11:23:39 AM : INFO : before_all : Starting scenario: Use Case 2 -- @1.1  
 01/18/2025 11:23:42 AM : INFO : before_all : Verifying homepage title 
 01/18/2025 11:23:58 AM : INFO : before_all : Logged in successfully 
 01/18/2025 11:24:19 AM : INFO : before_all : Account created: Acme 
 01/18/2025 11:24:20 AM : INFO : before_all : ********** Account has successfully created and verified ********** 
 01/18/2025 11:24:20 AM : ERROR : before_all : Scenario failed: Use Case 2 -- @1.1  
 01/18/2025 11:24:22 AM : INFO : before_all : ********** Test Execution Finished ********** 
 01/18/2025 11:30:37 AM : INFO : before_all : ********** Test Execution Started ********** 
 01/18/2025 11:30:37 AM : INFO : before_all : Starting scenario: Use Case 1 -- @1.1  
 01/18/2025 11:30:40 AM : INFO : before_all : Verifying homepage title 
 01/18/2025 11:30:56 AM : INFO : before_all : Logged in successfully 
 01/18/2025 11:31:23 AM : INFO : before_all : Lead created: Robert Twin, Example Inc 
 01/18/2025 11:31:23 AM : INFO : before_all : ********** Lead has successfully created and verified ********** 
 01/18/2025 11:31:23 AM : INFO : before_all : Scenario passed: Use Case 1 -- @1.1  
 01/18/2025 11:31:26 AM : INFO : before_all : ********** Test Execution Finished ********** 
 01/18/2025 11:33:07 AM : INFO : before_all : ********** Test Execution Started ********** 
 01/18/2025 11:33:07 AM : INFO : before_all : Starting scenario: Use Case 1 -- @1.1  
 01/18/2025 11:33:10 AM : INFO : before_all : Verifying homepage title 
 01/18/2025 11:33:25 AM : INFO : before_all : Logged in successfully 
 01/18/2025 11:33:53 AM : INFO : before_all : Lead created: Robert Twin, Example Inc 
 01/18/2025 11:33:53 AM : INFO : before_all : ********** Lead has successfully created and verified ********** 
 01/18/2025 11:33:53 AM : ERROR : before_all : Scenario failed: Use Case 1 -- @1.1  
 01/18/2025 11:33:55 AM : INFO : before_all : ********** Test Execution Finished ********** 
 01/18/2025 11:37:05 AM : INFO : before_all : ********** Test Execution Started ********** 
 01/18/2025 11:37:05 AM : INFO : before_all : Starting scenario: Use Case 1 -- @1.1  
 01/18/2025 11:37:08 AM : INFO : before_all : Verifying homepage title 
 01/18/2025 11:37:28 AM : INFO : before_all : Logged in successfully 
 01/18/2025 11:37:55 AM : INFO : before_all : Lead created: Robert Twin, Example Inc 
 01/18/2025 11:37:55 AM : INFO : before_all : ********** Lead has successfully created and verified ********** 
 01/18/2025 11:38:11 AM : INFO : before_all : Lead Converted 
 01/18/2025 11:38:16 AM : INFO : before_all : ********** Lead has successfully created and verified ********** 
 01/18/2025 11:38:43 AM : INFO : before_all : Account created: Acme 
 01/18/2025 11:38:43 AM : ERROR : before_all : Scenario failed: Use Case 1 -- @1.1  
 01/18/2025 11:38:45 AM : INFO : before_all : ********** Test Execution Finished ********** 
 01/18/2025 11:41:40 AM : INFO : before_all : ********** Test Execution Started ********** 
 01/18/2025 11:41:40 AM : INFO : before_all : Starting scenario: Use Case 1 -- @1.1  
 01/18/2025 11:41:43 AM : INFO : before_all : Verifying homepage title 
 01/18/2025 11:42:05 AM : INFO : before_all : Logged in successfully 
 01/18/2025 11:42:32 AM : INFO : before_all : Lead created: Robert Twin, Example Inc 
 01/18/2025 11:42:32 AM : INFO : before_all : ********** Lead has successfully created and verified ********** 
 01/18/2025 11:42:48 AM : INFO : before_all : Lead Converted 
 01/18/2025 11:42:53 AM : INFO : before_all : ********** Lead has successfully created and verified ********** 
 01/18/2025 11:43:19 AM : INFO : before_all : Account created: Acme 
 01/18/2025 11:43:20 AM : INFO : before_all : ********** Account has successfully created and verified ********** 
 01/18/2025 11:43:47 AM : INFO : before_all : Lead created: Nova Klan, MN Steel 
 01/18/2025 11:43:47 AM : INFO : before_all : ********** Lead has successfully created and verified ********** 
 01/18/2025 11:44:08 AM : INFO : before_all : Lead Converted 
 01/18/2025 11:44:14 AM : INFO : before_all : ********** Lead has successfully created and verified ********** 
 01/18/2025 11:44:52 AM : INFO : before_all : Removed account 
 01/18/2025 11:45:25 AM : INFO : before_all : Removed account 
 01/18/2025 11:45:25 AM : INFO : before_all : Scenario passed: Use Case 1 -- @1.1  
 01/18/2025 11:45:28 AM : INFO : before_all : ********** Test Execution Finished ********** 
 01/18/2025 11:46:28 AM : INFO : before_all : ********** Test Execution Started ********** 
 01/18/2025 11:46:28 AM : INFO : before_all : Starting scenario: Use Case 1 -- @1.1  
 01/18/2025 11:46:31 AM : INFO : before_all : Verifying homepage title 
 01/18/2025 11:46:48 AM : INFO : before_all : Logged in successfully 
 01/18/2025 11:47:16 AM : INFO : before_all : Lead created: Robert Twin, Example Inc 
 01/18/2025 11:47:16 AM : INFO : before_all : ********** Lead has successfully created and verified ********** 
 01/18/2025 11:47:31 AM : INFO : before_all : Lead Converted 
 01/18/2025 11:47:36 AM : INFO : before_all : ********** Lead has successfully created and verified ********** 
 01/18/2025 11:48:03 AM : INFO : before_all : Account created: Acme 
 01/18/2025 11:48:04 AM : INFO : before_all : ********** Account has successfully created and verified ********** 
 01/18/2025 11:48:31 AM : INFO : before_all : Lead created: Nova Klan, MN Steel 
 01/18/2025 11:48:31 AM : INFO : before_all : ********** Lead has successfully created and verified ********** 
 01/18/2025 11:49:03 AM : INFO : before_all : Lead Converted 
 01/18/2025 11:49:08 AM : INFO : before_all : ********** Lead has successfully created and verified ********** 
 01/18/2025 11:50:06 AM : INFO : __init__ : Screenshot saved: remove_account_error_1737181206.png 
 01/18/2025 11:50:06 AM : INFO : __init__ : Screenshot saved: remove_account_error_1737181206.png 
 01/18/2025 11:50:06 AM : INFO : __init__ : Screenshot saved: remove_account_error_1737181206.png 
 01/18/2025 11:50:06 AM : INFO : __init__ : Screenshot saved: remove_account_error_1737181206.png 
 01/18/2025 11:50:06 AM : INFO : __init__ : Screenshot saved: remove_account_error_1737181206.png 
 01/18/2025 11:50:06 AM : INFO : __init__ : Screenshot saved: remove_account_error_1737181206.png 
 01/18/2025 11:50:06 AM : INFO : __init__ : Screenshot saved: remove_account_error_1737181206.png 
 01/18/2025 11:50:06 AM : INFO : __init__ : Screenshot saved: remove_account_error_1737181206.png 
 01/18/2025 11:50:06 AM : INFO : __init__ : Screenshot saved: remove_account_error_1737181206.png 
 01/18/2025 11:50:06 AM : INFO : __init__ : Screenshot saved: remove_account_error_1737181206.png 
 01/18/2025 11:50:06 AM : INFO : __init__ : Screenshot saved: remove_account_error_1737181206.png 
 01/18/2025 11:50:06 AM : INFO : __init__ : Screenshot saved: remove_account_error_1737181206.png 
 01/18/2025 11:50:06 AM : ERROR : before_all : Scenario failed: Use Case 1 -- @1.1  
 01/18/2025 11:50:09 AM : INFO : before_all : Starting scenario: Use Case 2 -- @1.1  
 01/18/2025 11:50:12 AM : INFO : before_all : Verifying homepage title 
 01/18/2025 11:50:29 AM : INFO : before_all : Logged in successfully 
 01/18/2025 11:50:39 AM : ERROR : before_all : Scenario failed: Use Case 2 -- @1.1  
 01/18/2025 11:50:42 AM : INFO : before_all : ********** Test Execution Finished ********** 
 01/18/2025 12:19:01 PM : INFO : before_all : ********** Test Execution Started ********** 
 01/18/2025 12:19:01 PM : INFO : before_all : Starting scenario: Use Case 3 -- @1.1  
 01/18/2025 12:19:04 PM : INFO : before_all : Verifying homepage title 
 01/18/2025 12:19:20 PM : INFO : before_all : Logged in successfully 
 01/18/2025 12:19:31 PM : ERROR : before_all : Scenario failed: Use Case 3 -- @1.1  
 01/18/2025 12:19:34 PM : INFO : before_all : ********** Test Execution Finished ********** 
 01/18/2025 12:20:16 PM : INFO : before_all : ********** Test Execution Started ********** 
 01/18/2025 12:20:16 PM : INFO : before_all : Starting scenario: Use Case 3 -- @1.1  
 01/18/2025 12:20:19 PM : INFO : before_all : Verifying homepage title 
 01/18/2025 12:20:35 PM : INFO : before_all : Logged in successfully 
 01/18/2025 12:20:51 PM : ERROR : before_all : Scenario failed: Use Case 3 -- @1.1  
 01/18/2025 12:20:54 PM : INFO : before_all : ********** Test Execution Finished ********** 
 01/18/2025 12:23:27 PM : INFO : before_all : ********** Test Execution Started ********** 
 01/18/2025 12:23:27 PM : INFO : before_all : Starting scenario: Use Case 3 -- @1.1  
 01/18/2025 12:23:34 PM : INFO : before_all : Verifying homepage title 
 01/18/2025 12:23:50 PM : INFO : before_all : Logged in successfully 
 01/18/2025 12:24:06 PM : ERROR : before_all : Scenario failed: Use Case 3 -- @1.1  
 01/18/2025 12:24:09 PM : INFO : before_all : ********** Test Execution Finished ********** 
 01/18/2025 12:24:55 PM : INFO : before_all : ********** Test Execution Started ********** 
 01/18/2025 12:24:55 PM : INFO : before_all : Starting scenario: Use Case 3 -- @1.1  
 01/18/2025 12:24:58 PM : INFO : before_all : Verifying homepage title 
 01/18/2025 12:25:16 PM : INFO : before_all : Logged in successfully 
 01/18/2025 12:25:47 PM : INFO : before_all : Event created: Call 
 01/18/2025 12:25:47 PM : INFO : before_all : ********** Event has successfully added and verified ********** 
 01/18/2025 12:25:47 PM : INFO : before_all : Scenario passed: Use Case 3 -- @1.1  
 01/18/2025 12:25:50 PM : INFO : before_all : ********** Test Execution Finished ********** 
 01/18/2025 12:33:44 PM : INFO : before_all : ********** Test Execution Started ********** 
 01/18/2025 12:33:44 PM : INFO : before_all : ********** Test Execution Finished ********** 
 01/18/2025 12:34:38 PM : INFO : before_all : ********** Test Execution Started ********** 
 01/18/2025 12:34:38 PM : INFO : before_all : Starting scenario: Use Case 1 -- @1.1  
 01/18/2025 12:34:42 PM : INFO : before_all : Verifying homepage title 
 01/18/2025 12:35:00 PM : INFO : before_all : Logged in successfully 
 01/18/2025 12:35:27 PM : INFO : before_all : Lead created: Robert Twin, Example Inc 
 01/18/2025 12:35:27 PM : INFO : before_all : ********** Lead has successfully created and verified ********** 
 01/18/2025 12:35:43 PM : INFO : before_all : Lead Converted 
 01/18/2025 12:35:48 PM : INFO : before_all : ********** Lead has successfully created and verified ********** 
 01/18/2025 12:36:21 PM : INFO : before_all : Account created: Acme 
 01/18/2025 12:36:21 PM : INFO : before_all : ********** Account has successfully created and verified ********** 
 01/18/2025 12:36:48 PM : INFO : before_all : Lead created: Nova Klan, MN Steel 
 01/18/2025 12:36:48 PM : INFO : before_all : ********** Lead has successfully created and verified ********** 
 01/18/2025 12:37:10 PM : INFO : before_all : Lead Converted 
 01/18/2025 12:37:15 PM : INFO : before_all : ********** Lead has successfully created and verified ********** 
 01/18/2025 12:37:47 PM : INFO : before_all : Removed account 
 01/18/2025 12:38:13 PM : INFO : before_all : Removed account 
 01/18/2025 12:38:13 PM : INFO : before_all : Scenario passed: Use Case 1 -- @1.1  
 01/18/2025 12:38:16 PM : INFO : before_all : Starting scenario: Use Case 2 -- @1.1  
 01/18/2025 12:38:19 PM : INFO : before_all : Verifying homepage title 
 01/18/2025 12:38:35 PM : INFO : before_all : Logged in successfully 
 01/18/2025 12:39:02 PM : INFO : before_all : Account created: Acme 
 01/18/2025 12:39:02 PM : INFO : before_all : ********** Account has successfully created and verified ********** 
 01/18/2025 12:39:42 PM : INFO : before_all : Contact created and attached account 
 01/18/2025 12:39:47 PM : INFO : before_all : ********** Contact has successfully created and verified ********** 
 01/18/2025 12:40:26 PM : INFO : before_all : Opportunity created and attached account 
 01/18/2025 12:40:31 PM : INFO : before_all : ********** Opportunity has successfully created and verified ********** 
 01/18/2025 12:40:57 PM : INFO : before_all : Removed account 
 01/18/2025 12:40:57 PM : INFO : before_all : Scenario passed: Use Case 2 -- @1.1  
 01/18/2025 12:41:00 PM : INFO : before_all : Starting scenario: Use Case 3 (Create an event in the calendar page for any account) -- @1.1  
 01/18/2025 12:41:03 PM : INFO : before_all : Verifying homepage title 
 01/18/2025 12:41:21 PM : INFO : before_all : Logged in successfully 
 01/18/2025 12:41:55 PM : INFO : before_all : Event created: Call 
 01/18/2025 12:41:55 PM : INFO : before_all : ********** Event has successfully added and verified ********** 
 01/18/2025 12:41:55 PM : INFO : before_all : Scenario passed: Use Case 3 (Create an event in the calendar page for any account) -- @1.1  
 01/18/2025 12:41:58 PM : INFO : before_all : ********** Test Execution Finished ********** 
